request_logger : 2025-12-02 14:12:36,720 : INFO : /home/miracle/alx-backend-python/Django-Middleware-0x03/chats/middleware.py: __call__ : 2025-12-02 14:12:36.720582 - User:  - Path: /api/token/
request_logger : 2025-12-02 14:13:31,754 : INFO : /home/miracle/alx-backend-python/Django-Middleware-0x03/chats/middleware.py: __call__ : 2025-12-02 14:13:31.754500 - User:  - Path: /api/token/
request_logger : 2025-12-02 14:14:22,133 : INFO : /home/miracle/alx-backend-python/Django-Middleware-0x03/chats/middleware.py: __call__ : 2025-12-02 14:14:22.132969 - User:  - Path: /api/messages/
request_logger : 2025-12-02 14:15:33,346 : INFO : /home/miracle/alx-backend-python/Django-Middleware-0x03/chats/middleware.py: __call__ : 2025-12-02 14:15:33.346688 - User:  - Path: /api/7deb3a8d-5ec0-4cfe-8936-0b6c84b8b5ef/messages/
request_logger : 2025-12-02 14:15:52,010 : INFO : /home/miracle/alx-backend-python/Django-Middleware-0x03/chats/middleware.py: __call__ : 2025-12-02 14:15:52.010115 - User:  - Path: /api/conversations/7deb3a8d-5ec0-4cfe-8936-0b6c84b8b5ef/messages/
request_logger : 2025-12-02 14:16:39,557 : INFO : /home/miracle/alx-backend-python/Django-Middleware-0x03/chats/middleware.py: __call__ : 2025-12-02 14:16:39.557899 - User:  - Path: /api/conversations/7deb3a8d-5ec0-4cfe-8936-0b6c84b8b5ef/messages/
request_logger : 2025-12-02 14:16:53,191 : INFO : /home/miracle/alx-backend-python/Django-Middleware-0x03/chats/middleware.py: __call__ : 2025-12-02 14:16:53.191853 - User:  - Path: /api/conversations/7deb3a8d5ec04cfe89360b6c84b8b5ef/messages/
request_logger : 2025-12-02 14:17:48,111 : INFO : /home/miracle/alx-backend-python/Django-Middleware-0x03/chats/middleware.py: __call__ : 2025-12-02 14:17:48.111867 - User:  - Path: /api/conversations/7deb3a8d5ec04cfe89360b6c84b8b5ef/messages/
request_logger : 2025-12-02 14:17:51,594 : INFO : /home/miracle/alx-backend-python/Django-Middleware-0x03/chats/middleware.py: __call__ : 2025-12-02 14:17:51.594072 - User:  - Path: /api/conversations/7deb3a8d5ec04cfe89360b6c84b8b5ef/messages/
request_logger : 2025-12-02 14:18:47,854 : INFO : /home/miracle/alx-backend-python/Django-Middleware-0x03/chats/middleware.py: __call__ : 2025-12-02 14:18:47.854767 - User:  - Path: /api/conversations/7deb3a8d-5ec0-4cfe-8936-0b6c84b8b5ef/messages/
request_logger : 2025-12-02 14:23:19,943 : INFO : /home/miracle/alx-backend-python/Django-Middleware-0x03/chats/middleware.py: __call__ : 2025-12-02 14:23:19.943233 - User:  - Path: /api/conversations/7deb3a8d-5ec0-4cfe-8936-0b6c84b8b5ef/messages/
request_logger : 2025-12-02 14:25:10,475 : INFO : /home/miracle/alx-backend-python/Django-Middleware-0x03/chats/middleware.py: __call__ : 2025-12-02 14:25:10.475405 - User:  - Path: /api/conversations/7deb3a8d-5ec0-4cfe-8936-0b6c84b8b5ef/messages/
request_logger : 2025-12-02 14:28:33,290 : INFO : /home/miracle/alx-backend-python/Django-Middleware-0x03/chats/middleware.py: __call__ : 2025-12-02 14:28:33.290123 - User:  - Path: /api/conversations/7deb3a8d-5ec0-4cfe-8936-0b6c84b8b5ef/messages/
request_logger : 2025-12-02 14:31:42,315 : INFO : /home/miracle/alx-backend-python/Django-Middleware-0x03/chats/middleware.py: __call__ : 2025-12-02 14:31:42.315148 - User:  - Path: /api/conversations/7deb3a8d-5ec0-4cfe-8936-0b6c84b8b5ef/messages/
request_logger : 2025-12-02 14:31:52,304 : INFO : /home/miracle/alx-backend-python/Django-Middleware-0x03/chats/middleware.py: __call__ : 2025-12-02 14:31:52.304477 - User:  - Path: /api/conversations/7deb3a8d-5ec0-4cfe-8936-0b6c84b8b5ef/messages/
request_logger : 2025-12-02 14:33:30,092 : INFO : /home/miracle/alx-backend-python/Django-Middleware-0x03/chats/middleware.py: __call__ : 2025-12-02 14:33:30.092882 - User:  - Path: /api/conversations/7deb3a8d-5ec0-4cfe-8936-0b6c84b8b5ef/messages/
request_logger : 2025-12-02 14:34:49,403 : INFO : /home/miracle/alx-backend-python/Django-Middleware-0x03/chats/middleware.py: __call__ : 2025-12-02 14:34:49.403148 - User: Guest - Path: /api/conversations/7deb3a8d-5ec0-4cfe-8936-0b6c84b8b5ef/messages/
request_logger : 2025-12-02 14:41:28,392 : INFO : /home/miracle/alx-backend-python/Django-Middleware-0x03/chats/middleware.py: __call__ : 2025-12-02 14:41:28.392019 - User:  - Path: /api/conversations/7deb3a8d-5ec0-4cfe-8936-0b6c84b8b5ef/messages/
request_logger : 2025-12-02 14:48:13,900 : INFO : /home/miracle/alx-backend-python/Django-Middleware-0x03/chats/middleware.py: __call__ : 2025-12-02 14:48:13.900806 - User: Guest - Path: /api/conversations/7deb3a8d-5ec0-4cfe-8936-0b6c84b8b5ef/messages/
request_logger : 2025-12-02 14:52:07,434 : INFO : /home/miracle/alx-backend-python/Django-Middleware-0x03/chats/middleware.py: __call__ : 2025-12-02 14:52:07.434618 - User: miracle - Path: /api/conversations/7deb3a8d-5ec0-4cfe-8936-0b6c84b8b5ef/messages/
